2021-03-17T13:29:44+00:00 CRITICAL syntax error, unexpected '}' in C:\xampp\htdocs\milan_kovace_forwardslash_fe_test\wp-content\themes\storefront\functions.php on line 81

2021-03-17T14:52:56+00:00 CRITICAL Uncaught Error: Object of class stdClass could not be converted to string in C:\xampp\htdocs\milan_kovace_forwardslash_fe_test\wp-content\themes\storefront\RestApi.php:89
Stack trace:
#0 C:\xampp\htdocs\milan_kovace_forwardslash_fe_test\wp-includes\rest-api\class-wp-rest-server.php(1139): RestApi->all_users(Object(WP_REST_Request))
#1 C:\xampp\htdocs\milan_kovace_forwardslash_fe_test\wp-includes\rest-api\class-wp-rest-server.php(985): WP_REST_Server->respond_to_request(Object(WP_REST_Request), '/wp/v2/all_user...', Array, NULL)
#2 C:\xampp\htdocs\milan_kovace_forwardslash_fe_test\wp-includes\rest-api\class-wp-rest-server.php(412): WP_REST_Server->dispatch(Object(WP_REST_Request))
#3 C:\xampp\htdocs\milan_kovace_forwardslash_fe_test\wp-includes\rest-api.php(354): WP_REST_Server->serve_request('/wp/v2/all_user...')
#4 C:\xampp\htdocs\milan_kovace_forwardslash_fe_test\wp-includes\class-wp-hook.php(292): rest_api_loaded(Object(WP))
#5 C:\xampp\htdocs\milan_kovace_forwardslash_fe_test\wp-includes\class-wp-hook.php in C:\xampp\htdocs\milan_kovace_forwardslash_fe_test\wp-content\themes\storefront\RestApi.php on line 89

2021-03-17T14:53:07+00:00 CRITICAL Uncaught Error: Object of class stdClass could not be converted to string in C:\xampp\htdocs\milan_kovace_forwardslash_fe_test\wp-content\themes\storefront\RestApi.php:89
Stack trace:
#0 C:\xampp\htdocs\milan_kovace_forwardslash_fe_test\wp-includes\rest-api\class-wp-rest-server.php(1139): RestApi->all_users(Object(WP_REST_Request))
#1 C:\xampp\htdocs\milan_kovace_forwardslash_fe_test\wp-includes\rest-api\class-wp-rest-server.php(985): WP_REST_Server->respond_to_request(Object(WP_REST_Request), '/wp/v2/all_user...', Array, NULL)
#2 C:\xampp\htdocs\milan_kovace_forwardslash_fe_test\wp-includes\rest-api\class-wp-rest-server.php(412): WP_REST_Server->dispatch(Object(WP_REST_Request))
#3 C:\xampp\htdocs\milan_kovace_forwardslash_fe_test\wp-includes\rest-api.php(354): WP_REST_Server->serve_request('/wp/v2/all_user...')
#4 C:\xampp\htdocs\milan_kovace_forwardslash_fe_test\wp-includes\class-wp-hook.php(292): rest_api_loaded(Object(WP))
#5 C:\xampp\htdocs\milan_kovace_forwardslash_fe_test\wp-includes\class-wp-hook.php in C:\xampp\htdocs\milan_kovace_forwardslash_fe_test\wp-content\themes\storefront\RestApi.php on line 89

2021-03-17T14:53:09+00:00 CRITICAL Uncaught Error: Object of class stdClass could not be converted to string in C:\xampp\htdocs\milan_kovace_forwardslash_fe_test\wp-content\themes\storefront\RestApi.php:89
Stack trace:
#0 C:\xampp\htdocs\milan_kovace_forwardslash_fe_test\wp-includes\rest-api\class-wp-rest-server.php(1139): RestApi->all_users(Object(WP_REST_Request))
#1 C:\xampp\htdocs\milan_kovace_forwardslash_fe_test\wp-includes\rest-api\class-wp-rest-server.php(985): WP_REST_Server->respond_to_request(Object(WP_REST_Request), '/wp/v2/all_user...', Array, NULL)
#2 C:\xampp\htdocs\milan_kovace_forwardslash_fe_test\wp-includes\rest-api\class-wp-rest-server.php(412): WP_REST_Server->dispatch(Object(WP_REST_Request))
#3 C:\xampp\htdocs\milan_kovace_forwardslash_fe_test\wp-includes\rest-api.php(354): WP_REST_Server->serve_request('/wp/v2/all_user...')
#4 C:\xampp\htdocs\milan_kovace_forwardslash_fe_test\wp-includes\class-wp-hook.php(292): rest_api_loaded(Object(WP))
#5 C:\xampp\htdocs\milan_kovace_forwardslash_fe_test\wp-includes\class-wp-hook.php in C:\xampp\htdocs\milan_kovace_forwardslash_fe_test\wp-content\themes\storefront\RestApi.php on line 89

